<?xml version="1.0" encoding="utf-8"?><testsuites name="pytest tests"><testsuite name="pytest" errors="0" failures="0" skipped="0" tests="36" time="10.205" timestamp="2026-03-08T09:25:44.776637+00:00" hostname="agent-env-ba390b74-60b7-4a79-aa08-81829b602594"><testcase classname="backend.tests.test_praww_reads.TestHealth" name="test_api_root" time="0.399" /><testcase classname="backend.tests.test_praww_reads.TestAuth" name="test_register_new_user" time="0.630" /><testcase classname="backend.tests.test_praww_reads.TestAuth" name="test_register_duplicate_email" time="0.090" /><testcase classname="backend.tests.test_praww_reads.TestAuth" name="test_login_success" time="0.737" /><testcase classname="backend.tests.test_praww_reads.TestAuth" name="test_login_wrong_password" time="0.819" /><testcase classname="backend.tests.test_praww_reads.TestAuth" name="test_get_current_user" time="1.167" /><testcase classname="backend.tests.test_praww_reads.TestAuth" name="test_get_user_unauthenticated" time="0.286" /><testcase classname="backend.tests.test_praww_reads.TestAuth" name="test_logout" time="0.971" /><testcase classname="backend.tests.test_praww_reads.TestProfile" name="test_get_my_profile" time="0.060" /><testcase classname="backend.tests.test_praww_reads.TestProfile" name="test_get_profile_by_id" time="0.162" /><testcase classname="backend.tests.test_praww_reads.TestProfile" name="test_get_nonexistent_profile" time="0.065" /><testcase classname="backend.tests.test_praww_reads.TestProfile" name="test_update_profile" time="0.130" /><testcase classname="backend.tests.test_praww_reads.TestStories" name="test_list_stories" time="0.071" /><testcase classname="backend.tests.test_praww_reads.TestStories" name="test_create_story" time="0.088" /><testcase classname="backend.tests.test_praww_reads.TestStories" name="test_get_story" time="0.097" /><testcase classname="backend.tests.test_praww_reads.TestStories" name="test_like_toggle" time="0.149" /><testcase classname="backend.tests.test_praww_reads.TestStories" name="test_favorite_toggle" time="0.141" /><testcase classname="backend.tests.test_praww_reads.TestStories" name="test_comment_on_story" time="0.075" /><testcase classname="backend.tests.test_praww_reads.TestStories" name="test_story_progress" time="0.170" /><testcase classname="backend.tests.test_praww_reads.TestStories" name="test_create_chapter" time="0.086" /><testcase classname="backend.tests.test_praww_reads.TestStories" name="test_delete_story" time="0.224" /><testcase classname="backend.tests.test_praww_reads.TestMarketplace" name="test_list_books" time="0.062" /><testcase classname="backend.tests.test_praww_reads.TestMarketplace" name="test_create_book" time="0.060" /><testcase classname="backend.tests.test_praww_reads.TestMarketplace" name="test_get_book" time="0.084" /><testcase classname="backend.tests.test_praww_reads.TestMarketplace" name="test_mark_book_sold" time="0.223" /><testcase classname="backend.tests.test_praww_reads.TestMarketplace" name="test_update_book" time="0.065" /><testcase classname="backend.tests.test_praww_reads.TestMarketplace" name="test_delete_book" time="0.207" /><testcase classname="backend.tests.test_praww_reads.TestMessaging" name="test_setup_book_for_messaging" time="0.123" /><testcase classname="backend.tests.test_praww_reads.TestMessaging" name="test_send_message_as_buyer" time="1.183" /><testcase classname="backend.tests.test_praww_reads.TestMessaging" name="test_get_book_messages" time="0.181" /><testcase classname="backend.tests.test_praww_reads.TestMessaging" name="test_inbox" time="0.062" /><testcase classname="backend.tests.test_praww_reads.TestMessaging" name="test_inbox_unauthorized" time="0.231" /><testcase classname="backend.tests.test_praww_reads.TestMessaging" name="test_cleanup_messaging_book" time="0.053" /><testcase classname="backend.tests.test_praww_reads.TestFollow" name="test_follow_user" time="0.116" /><testcase classname="backend.tests.test_praww_reads.TestFollow" name="test_unfollow_user" time="0.114" /><testcase classname="backend.tests.test_praww_reads.TestFollow" name="test_cannot_follow_self" time="0.111" /></testsuite></testsuites>